<?xml version="1.0" encoding="UTF-8"?>
<!-- Generated by org.testng.reporters.JUnitReportReporter -->
<testsuite hostname="Ranjith" failures="0" tests="1" name="testCases.TC001_AccountRegistrationTest" time="32.313" errors="0" timestamp="2024-10-30T12:24:54 IST" skipped="0">
  <testcase classname="testCases.TC001_AccountRegistrationTest" name="verify_account_registration" time="32.313"/>
</testsuite> <!-- testCases.TC001_AccountRegistrationTest -->
