<?xml version="1.0" encoding="UTF-8"?>
<!-- Generated by org.testng.reporters.JUnitReportReporter -->
<testsuite hostname="Ranjith" failures="0" tests="1" name="testCases.TC002_LoginTest" time="17.484" errors="0" timestamp="2024-11-08T14:47:53 IST" skipped="0">
  <testcase classname="testCases.TC002_LoginTest" name="verify_Login" time="17.484"/>
</testsuite> <!-- testCases.TC002_LoginTest -->
